<?xml version="1.0" encoding="UTF-8"?>
<testng-results ignored="0" total="1" passed="1" failed="0" skipped="0">
  <reporter-output>
  </reporter-output>
  <suite started-at="2024-04-30T19:08:59 IST" name="Default suite" finished-at="2024-04-30T19:08:59 IST" duration-ms="174">
    <groups>
    </groups>
    <test started-at="2024-04-30T19:08:59 IST" name="Default test" finished-at="2024-04-30T19:08:59 IST" duration-ms="174">
      <class name="utility.Calculator">
        <test-method signature="performCalculations()[pri:0, instance:utility.Calculator@56cdfb3b]" started-at="2024-04-30T19:08:59 IST" name="performCalculations" finished-at="2024-04-30T19:08:59 IST" duration-ms="22" status="PASS">
          <reporter-output>
          </reporter-output>
        </test-method> <!-- performCalculations -->
      </class> <!-- utility.Calculator -->
    </test> <!-- Default test -->
  </suite> <!-- Default suite -->
</testng-results>
